<?xml version="1.0" encoding="UTF-8"?>
<!-- Generated by org.testng.reporters.JUnitXMLReporter -->
<testsuite ignored="0" hostname="A2ML30245" failures="0" tests="6" name="Surefire test" time="0.083" errors="0" timestamp="16 Apr 2019 16:48:05 GMT">
  <testcase classname="Qaclick.com.AppiumTest" name="AndroidApp" time="0.017"/>
  <testcase classname="Qaclick.com.AppiumTest" name="IOSAPP" time="0.001"/>
  <testcase classname="Qaclick.com.RestConceptTest" name="restposting" time="0.0"/>
  <testcase classname="Qaclick.com.RestConceptTest" name="tweet" time="0.0"/>
  <testcase classname="Qaclick.com.SeleniumTest" name="BrowserAutomation" time="0.0"/>
  <testcase classname="Qaclick.com.SeleniumTest" name="ElementsUI" time="0.001"/>
</testsuite> <!-- Surefire test -->
