<?xml version="1.0" encoding="UTF-8"?>
<!-- Generated by org.testng.reporters.JUnitXMLReporter -->
<testsuite hostname="A2ML30245" ignored="0" name="Test" tests="6" failures="0" timestamp="16 Apr 2019 17:07:19 GMT" time="0.054" errors="0">
  <testcase name="AndroidApp" time="0.01" classname="Qaclick.com.AppiumTest"/>
  <testcase name="IOSAPP" time="0.001" classname="Qaclick.com.AppiumTest"/>
  <testcase name="BrowserAutomation" time="0.001" classname="Qaclick.com.SeleniumTest"/>
  <testcase name="ElementsUI" time="0.001" classname="Qaclick.com.SeleniumTest"/>
  <testcase name="restposting" time="0.002" classname="Qaclick.com.RestConceptTest"/>
  <testcase name="tweet" time="0.001" classname="Qaclick.com.RestConceptTest"/>
</testsuite> <!-- Test -->
